Unity Editor version:    2020.3.23f1 (c5d91304a876)
Branch:                  2020.3/staging
Build type:              Release
Batch mode:              YES
macOS version:           Version 10.13.6 (Build 17G14033)
Darwin version:          17.7.0
Architecture:            x86_64
Running under Rosetta:   NO
Available memory:        16384 MB
Using pre-set license
Pro License: NO

COMMAND LINE ARGUMENTS:
/Applications/Unity/Hub/Editor/2020.3.23f1/Unity.app/Contents/MacOS/Unity
-adb2
-batchMode
-noUpm
-name
AssetImportWorker0
-projectPath
/Users/yAlT_a/Documents/GitHub/Lemonade
-logFile
Logs/AssetImportWorker0.log
-srvPort
62859
Successfully changed project path to: /Users/yAlT_a/Documents/GitHub/Lemonade
/Users/yAlT_a/Documents/GitHub/Lemonade
Using Asset Import Pipeline V2.
Refreshing native plugins compatible for Editor in 208.81 ms, found 2 plugins.
Preloading 0 native plugins for Editor in 0.00 ms.
Initialize engine version: 2020.3.23f1 (c5d91304a876)
[Subsystems] Discovering subsystems at path /Applications/Unity/Hub/Editor/2020.3.23f1/Unity.app/Contents/Resources/UnitySubsystems
[Subsystems] Discovering subsystems at path /Users/yAlT_a/Documents/GitHub/Lemonade/Assets
GfxDevice: creating device client; threaded=0
Renderer: AMD Radeon HD 6770M OpenGL Engine
Vendor:   ATI Technologies Inc.
Version:  4.1 ATI-1.68.25
GLES:     0
 GL_ARB_blend_func_extended GL_ARB_draw_buffers_blend GL_ARB_draw_indirect GL_ARB_ES2_compatibility GL_ARB_explicit_attrib_location GL_ARB_gpu_shader5 GL_ARB_instanced_arrays GL_ARB_internalformat_query GL_ARB_occlusion_query2 GL_ARB_sample_shading GL_ARB_sampler_objects GL_ARB_separate_shader_objects GL_ARB_shader_bit_encoding GL_ARB_shader_subroutine GL_ARB_shading_language_include GL_ARB_tessellation_shader GL_ARB_texture_buffer_object_rgb32 GL_ARB_texture_cube_map_array GL_ARB_texture_gather GL_ARB_texture_query_lod GL_ARB_texture_rgb10_a2ui GL_ARB_texture_storage GL_ARB_texture_swizzle GL_ARB_timer_query GL_ARB_transform_feedback2 GL_ARB_transform_feedback3 GL_ARB_vertex_type_2_10_10_10_rev GL_ARB_viewport_array GL_EXT_debug_label GL_EXT_debug_marker GL_EXT_texture_compression_s3tc GL_EXT_texture_filter_anisotropic GL_EXT_texture_mirror_clamp GL_EXT_texture_sRGB_decode GL_APPLE_client_storage GL_APPLE_container_object_shareable GL_APPLE_flush_render GL_APPLE_object_purgeable GL_APPLE_rgb_422 GL_APPLE_ro
w_bytes GL_APPLE_texture_range GL_ATI_texture_mirror_once GL_NV_texture_barrier
OPENGL LOG: Creating OpenGL 4.1 graphics device ; Context level  <OpenGL 4.1> ; Context handle 411374592
Initialize mono
Mono path[0] = '/Applications/Unity/Hub/Editor/2020.3.23f1/Unity.app/Contents/Managed'
Mono path[1] = '/Applications/Unity/Hub/Editor/2020.3.23f1/Unity.app/Contents/MonoBleedingEdge/lib/mono/unityjit'
Mono config path = '/Applications/Unity/Hub/Editor/2020.3.23f1/Unity.app/Contents/MonoBleedingEdge/etc'
Using monoOptions --debugger-agent=transport=dt_socket,embedding=1,server=y,suspend=n,address=127.0.0.1:56118
Begin MonoManager ReloadAssembly
Registering precompiled unity dll's ...
Register platform support module: /Applications/Unity/Hub/Editor/2020.3.23f1/Unity.app/Contents/PlaybackEngines/MacStandaloneSupport/UnityEditor.OSXStandalone.Extensions.dll
Registered in 0.001686 seconds.
Native extension for OSXStandalone target not found
Refreshing native plugins compatible for Editor in 79.18 ms, found 2 plugins.
Preloading 0 native plugins for Editor in 0.00 ms.
Mono: successfully reloaded assembly
- Completed reload, in  1.330 seconds
Domain Reload Profiling:
	ReloadAssembly (1331ms)
		BeginReloadAssembly (70ms)
			ExecutionOrderSort (0ms)
			DisableScriptedObjects (0ms)
			BackupInstance (0ms)
			ReleaseScriptingObjects (0ms)
			CreateAndSetChildDomain (2ms)
		EndReloadAssembly (1105ms)
			LoadAssemblies (67ms)
			RebuildTransferFunctionScriptingTraits (0ms)
			SetupTypeCache (520ms)
			ReleaseScriptCaches (0ms)
			RebuildScriptCaches (67ms)
			SetupLoadedEditorAssemblies (353ms)
				LogAssemblyErrors (0ms)
				InitializePlatformSupportModulesInManaged (7ms)
				SetLoadedEditorAssemblies (0ms)
				RefreshPlugins (79ms)
				BeforeProcessingInitializeOnLoad (15ms)
				ProcessInitializeOnLoadAttributes (189ms)
				ProcessInitializeOnLoadMethodAttributes (63ms)
				AfterProcessingInitializeOnLoad (0ms)
				EditorAssembliesLoaded (0ms)
			ExecutionOrderSort2 (0ms)
			AwakeInstancesAfterBackupRestoration (0ms)
Platform modules already initialized, skipping
Registering precompiled user dll's ...
Registered in 0.008560 seconds.
Begin MonoManager ReloadAssembly
Native extension for OSXStandalone target not found
Refreshing native plugins compatible for Editor in 1.33 ms, found 2 plugins.
Preloading 0 native plugins for Editor in 0.00 ms.
Mono: successfully reloaded assembly
- Completed reload, in  2.289 seconds
Domain Reload Profiling:
	ReloadAssembly (2291ms)
		BeginReloadAssembly (278ms)
			ExecutionOrderSort (0ms)
			DisableScriptedObjects (8ms)
			BackupInstance (0ms)
			ReleaseScriptingObjects (0ms)
			CreateAndSetChildDomain (52ms)
		EndReloadAssembly (1905ms)
			LoadAssemblies (166ms)
			RebuildTransferFunctionScriptingTraits (0ms)
			SetupTypeCache (624ms)
			ReleaseScriptCaches (1ms)
			RebuildScriptCaches (97ms)
			SetupLoadedEditorAssemblies (763ms)
				LogAssemblyErrors (0ms)
				InitializePlatformSupportModulesInManaged (8ms)
				SetLoadedEditorAssemblies (4ms)
				RefreshPlugins (1ms)
				BeforeProcessingInitializeOnLoad (155ms)
				ProcessInitializeOnLoadAttributes (509ms)
				ProcessInitializeOnLoadMethodAttributes (83ms)
				AfterProcessingInitializeOnLoad (2ms)
				EditorAssembliesLoaded (0ms)
			ExecutionOrderSort2 (0ms)
			AwakeInstancesAfterBackupRestoration (10ms)
Platform modules already initialized, skipping
Validating Project structure ... 0.005966 seconds.
Shader import version has changed; will reimport all shaders...
Upgrading shader files ...0.008913 seconds.
Application.AssetDatabase Initial Script Refresh Start
RefreshInfo: InitialScriptRefreshV2(NoUpdateAssetOptions) scanfilter:  ... 1 filters
RefreshProfiler: Total: 0.000ms
Application.AssetDatabase Initial Script Refresh End
Application.AssetDatabase.Refresh Start
Application.AssetDatabase.Refresh End
RefreshInfo: StopAssetImportingV2(ForceSynchronousImport) scanfilter: 
RefreshProfiler: Total: 0.000ms
Launching external process: /Applications/Unity/Hub/Editor/2020.3.23f1/Unity.app/Contents/Tools/UnityShaderCompiler
Launched and connected shader compiler UnityShaderCompiler after 0.03 seconds
Initializing Unity extensions:
[C# Project] Writing /Users/yAlT_a/Documents/GitHub/Lemonade/Lemonade.sln because it has changed
[C# Project] First difference on line 4

[C# Project] Current /Users/yAlT_a/Documents/GitHub/Lemonade/Lemonade.sln:
[C# Project]   004: Project("{FAE04EC0-301F-11D3-BF4B-00C04F79EFBC}") = "Assembly-CSharp", "Assembly-CSharp.csproj", "{34B6E873-5190-3F22-D782-6B26305302EF}"
[C# Project]   005: EndProject
[C# Project]   006: Project("{FAE04EC0-301F-11D3-BF4B-00C04F79EFBC}") = "Assembly-CSharp-Editor", "Assembly-CSharp-Editor.csproj", "{5C8898D7-6EC8-3A66-6F6B-FEC8EDBC2C7E}"
[C# Project]   007: EndProject
[C# Project]   008: Global

[C# Project] New /Users/yAlT_a/Documents/GitHub/Lemonade/Lemonade.sln:
[C# Project]   004: Project("{FAE04EC0-301F-11D3-BF4B-00C04F79EFBC}") = "UnityEngine.UI", "UnityEngine.UI.csproj", "{15ED0953-98F8-E061-073C-E89B4B74DA8D}"
[C# Project]   005: EndProject
[C# Project]   006: Project("{FAE04EC0-301F-11D3-BF4B-00C04F79EFBC}") = "UnityEngine.TestRunner", "UnityEngine.TestRunner.csproj", "{CF301A93-6C26-8120-0B3D-1DA72940490C}"
[C# Project]   007: EndProject
[C# Project]   008: Project("{FAE04EC0-301F-11D3-BF4B-00C04F79EFBC}") = "UnityEngine.XR.LegacyInputHelpers", "UnityEngine.XR.LegacyInputHelpers.csproj", "{EF33029D-A373-DA82-B3E7-73509CDBD0D9}"
[C# Project] Writing /Users/yAlT_a/Documents/GitHub/Lemonade/Assembly-CSharp.csproj because it has changed
[C# Project] First difference on line 648

[C# Project] Current /Users/yAlT_a/Documents/GitHub/Lemonade/Assembly-CSharp.csproj:
[C# Project]   648:  <Reference Include="Purchasing.Common">
[C# Project]   649:  <HintPath>/Users/yAlT_a/Documents/GitHub/Lemonade/Library/ScriptAssemblies/Purchasing.Common.dll</HintPath>
[C# Project]   650:  </Reference>
[C# Project]   651:  <Reference Include="Unity.VSCode.Editor">
[C# Project]   652:  <HintPath>/Users/yAlT_a/Documents/GitHub/Lemonade/Library/ScriptAssemblies/Unity.VSCode.Editor.dll</HintPath>

[C# Project] New /Users/yAlT_a/Documents/GitHub/Lemonade/Assembly-CSharp.csproj:
[C# Project]   648:   </ItemGroup>
[C# Project]   649:   <ItemGroup>
[C# Project]   650:     <ProjectReference Include="Purchasing.Common.csproj">
[C# Project]   651:       <Project>{5127FEFA-C455-54F5-D20C-633F34F3508E}</Project>
[C# Project]   652:       <Name>Purchasing.Common</Name>
[C# Project] Writing /Users/yAlT_a/Documents/GitHub/Lemonade/Assembly-CSharp-Editor.csproj because it has changed
[C# Project] First difference on line 657

[C# Project] Current /Users/yAlT_a/Documents/GitHub/Lemonade/Assembly-CSharp-Editor.csproj:
[C# Project]   657:  <Reference Include="UnityEngine.TestRunner">
[C# Project]   658:  <HintPath>/Users/yAlT_a/Documents/GitHub/Lemonade/Library/ScriptAssemblies/UnityEngine.TestRunner.dll</HintPath>
[C# Project]   659:  </Reference>
[C# Project]   660:  <Reference Include="UnityEditor.TestRunner">
[C# Project]   661:  <HintPath>/Users/yAlT_a/Documents/GitHub/Lemonade/Library/ScriptAssemblies/UnityEditor.TestRunner.dll</HintPath>

[C# Project] New /Users/yAlT_a/Documents/GitHub/Lemonade/Assembly-CSharp-Editor.csproj:
[C# Project]   657:   </ItemGroup>
[C# Project]   658:   <ItemGroup>
[C# Project]   659:     <ProjectReference Include="Assembly-CSharp.csproj">
[C# Project]   660:       <Project>{34B6E873-5190-3F22-D782-6B26305302EF}</Project>
[C# Project]   661:       <Name>Assembly-CSharp</Name>
========================================================================
Worker process is ready to serve import requests
Refreshing native plugins compatible for Editor in 0.87 ms, found 2 plugins.
Preloading 0 native plugins for Editor in 0.00 ms.
Unloading 2139 Unused Serialized files (Serialized files now loaded: 0)
System memory in use before: 179.3 MB.
System memory in use after: 178.7 MB.

Unloading 151 unused Assets to reduce memory usage. Loaded Objects now: 2583.
Total: 11.930670 ms (FindLiveObjects: 0.290650 ms CreateObjectMapping: 0.096062 ms MarkObjects: 10.779801 ms  DeleteObjects: 0.762364 ms)

AssetImportParameters requested are different than current active one (requested -> active):
  custom:video-decoder-ogg-theora: a1e56fd34408186e4bbccfd4996cb3dc -> 
  custom:container-muxer-webm: aa71ff27fc2769a1b78a27578f13a17b -> 
  custom:container-demuxer-webm: 4f35f7cbe854078d1ac9338744f61a02 -> 
  custom:container-demuxer-ogg: 62fdf1f143b41e24485cea50d1cbac27 -> 
  custom:video-encoder-webm-vp8: eb34c28f22e8b96e1ab97ce403110664 -> 
  custom:framework-osx-AVFoundation: b23960f63f64bdc6ff669e2cdcee2391 -> 
  custom:video-decoder-webm-vp8: 9c59270c3fd7afecdb556c50c9e8de78 -> 
  custom:audio-decoder-ogg-vorbis: bf7c407c2cedff20999df2af8eb42d56 -> 
  custom:audio-encoder-webm-vorbis: bf7c407c2cedff20999df2af8eb42d56 -> 
========================================================================
Received Import Request.
  path: Assets/scripts/game/projectiles/explode.cs
  artifactKey: Guid(931bfec64b5bf6e4c89541b320dfeceb) Importer(815301076,1909f56bfc062723c751e8b465ee728b)
Start importing Assets/scripts/game/projectiles/explode.cs using Guid(931bfec64b5bf6e4c89541b320dfeceb) Importer(815301076,1909f56bfc062723c751e8b465ee728b)  -> (artifact id: '7500ab90bf2ea328a43f43f9fd5b3288') in 0.137601 seconds 
  Import took 0.145010 seconds .

